


ARM Macro Assembler    Page 1 


    1 00000000                 AREA             CONDITIONALS , CODE , READONLY
    2 00000000                 EXPORT           __main
    3 00000000         
    4 00000000         __main
    5 00000000 F241 3088       MOV              R0,#5000
    6 00000004 F04F 0101       MOV              R1,#1
    7 00000008 280A            CMP              R0,#10
    8 0000000A DD05            BLE              STORE9N
    9 0000000C 2864            CMP              R0,#100
   10 0000000E DD08            BLE              STORE8N
   11 00000010 F5B0 7F7A       CMP              R0,#1000
   12 00000014 DD0A            BLE              STORE7N
   13 00000016 E00E            B                STORE6N
   14 00000018         
   15 00000018         
   16 00000018         STORE9N
   17 00000018 F04F 0209       MOV              R2,#9
   18 0000001C FB00 F102       MUL              R1,R0,R2
   19 00000020 E00E            B                STOP
   20 00000022         
   21 00000022         STORE8N
   22 00000022 F04F 0208       MOV              R2,#8
   23 00000026 FB00 F102       MUL              R1,R0,R2
   24 0000002A E009            B                STOP
   25 0000002C         
   26 0000002C         STORE7N
   27 0000002C F04F 0207       MOV              R2,#7
   28 00000030 FB00 F102       MUL              R1,R0,R2
   29 00000034 E004            B                STOP
   30 00000036         
   31 00000036         STORE6N
   32 00000036 F04F 0206       MOV              R2,#6
   33 0000003A FB00 F102       MUL              R1,R0,R2
   34 0000003E E7FF            B                STOP
   35 00000040         
   36 00000040 E7FE    STOP    B                STOP
   37 00000042                 END
Command Line: --debug --xref --diag_suppress=9931 --cpu=Cortex-M4.fp --apcs=int
erwork --depend=.\objects\que1.d -o.\objects\que1.o -I.\RTE\_Target_1 -I"C:\Use
rs\Nirbhay sharma\AppData\Local\Arm\Packs\ARM\CMSIS\5.5.1\CMSIS\Core\Include" -
I"C:\Users\Nirbhay sharma\AppData\Local\Arm\Packs\Keil\STM32F4xx_DFP\2.14.0\Dri
vers\CMSIS\Device\ST\STM32F4xx\Include" --predefine="__EVAL SETA 1" --predefine
="__UVISION_VERSION SETA 528" --predefine="_RTE_ SETA 1" --predefine="STM32F407
xx SETA 1" --list=.\listings\que1.lst que1.s



ARM Macro Assembler    Page 1 Alphabetic symbol ordering
Relocatable symbols

CONDITIONALS 00000000

Symbol: CONDITIONALS
   Definitions
      At line 1 in file que1.s
   Uses
      None
Comment: CONDITIONALS unused
STOP 00000040

Symbol: STOP
   Definitions
      At line 36 in file que1.s
   Uses
      At line 19 in file que1.s
      At line 24 in file que1.s
      At line 29 in file que1.s
      At line 34 in file que1.s
      At line 36 in file que1.s

STORE6N 00000036

Symbol: STORE6N
   Definitions
      At line 31 in file que1.s
   Uses
      At line 13 in file que1.s
Comment: STORE6N used once
STORE7N 0000002C

Symbol: STORE7N
   Definitions
      At line 26 in file que1.s
   Uses
      At line 12 in file que1.s
Comment: STORE7N used once
STORE8N 00000022

Symbol: STORE8N
   Definitions
      At line 21 in file que1.s
   Uses
      At line 10 in file que1.s
Comment: STORE8N used once
STORE9N 00000018

Symbol: STORE9N
   Definitions
      At line 16 in file que1.s
   Uses
      At line 8 in file que1.s
Comment: STORE9N used once
__main 00000000

Symbol: __main
   Definitions
      At line 4 in file que1.s
   Uses
      At line 2 in file que1.s



ARM Macro Assembler    Page 2 Alphabetic symbol ordering
Relocatable symbols

Comment: __main used once
7 symbols
342 symbols in table
