


ARM Macro Assembler    Page 1 


    1 00000000                 AREA             CONDITIONALS , CODE , READONLY
    2 00000000                 EXPORT           __main
    3 00000000         
    4 00000000         __main
    5 00000000         
    6 00000000 F04F 0002       MOV              R0,#2
    7 00000004 F04F 0103       MOV              R1,#3
    8 00000008 F04F 0204       MOV              R2,#4
    9 0000000C         
   10 0000000C B407            PUSH             {R2,R1,R0}
   11 0000000E BC38            POP              {R3,R4,R5}
   12 00000010         
   13 00000010 E7FE    STOP    B                STOP
   14 00000012                 END
Command Line: --debug --xref --diag_suppress=9931 --cpu=Cortex-M4.fp --apcs=int
erwork --depend=.\objects\que2.d -o.\objects\que2.o -I.\RTE\_Target_1 -I"C:\Use
rs\Nirbhay sharma\AppData\Local\Arm\Packs\ARM\CMSIS\5.5.1\CMSIS\Core\Include" -
I"C:\Users\Nirbhay sharma\AppData\Local\Arm\Packs\Keil\STM32F4xx_DFP\2.14.0\Dri
vers\CMSIS\Device\ST\STM32F4xx\Include" --predefine="__EVAL SETA 1" --predefine
="__UVISION_VERSION SETA 528" --predefine="_RTE_ SETA 1" --predefine="STM32F407
xx SETA 1" --list=.\listings\que2.lst que2.s



ARM Macro Assembler    Page 1 Alphabetic symbol ordering
Relocatable symbols

CONDITIONALS 00000000

Symbol: CONDITIONALS
   Definitions
      At line 1 in file que2.s
   Uses
      None
Comment: CONDITIONALS unused
STOP 00000010

Symbol: STOP
   Definitions
      At line 13 in file que2.s
   Uses
      At line 13 in file que2.s
Comment: STOP used once
__main 00000000

Symbol: __main
   Definitions
      At line 4 in file que2.s
   Uses
      At line 2 in file que2.s
Comment: __main used once
3 symbols
338 symbols in table
